# JRE version: OpenJDK Runtime Environment Microsoft-8035246 (17.0.8+7) (build 17.0.8+7-LTS)
# Java VM: OpenJDK 64-Bit Server VM Microsoft-8035246 (17.0.8+7-LTS, mixed mode, sharing, tiered, compressed oops, compressed class ptrs, g1 gc, windows-amd64)
GC Precious Log:
 CPUs: 4 total, 4 available
 Memory: 12168M
 Large Page Support: Disabled
 NUMA Support: Disabled
 Compressed Oops: Enabled (32-bit)
 Heap Region Size: 1M
 Heap Min Capacity: 8M
 Heap Initial Capacity: 192M
 Heap Max Capacity: 2G
 Pre-touch: Disabled
 Parallel Workers: 4
 Concurrent Workers: 1
 Concurrent Refinement Workers: 4
 Periodic GC: Disabled
Heap:
 garbage-first heap   total 253952K, used 194240K [0x0000000080000000, 0x0000000100000000)
  region size 1024K, 11 young (11264K), 3 survivors (3072K)
 Metaspace       used 105023K, committed 106240K, reserved 557056K
  class space    used 14572K, committed 15168K, reserved 425984K
GC Heap History (20 events):
Event: 135.809 GC heap before
{Heap before GC invocations=41 (full 0):
 garbage-first heap   total 253952K, used 205655K [0x0000000080000000, 0x0000000100000000)
  region size 1024K, 107 young (109568K), 5 survivors (5120K)
 Metaspace       used 93330K, committed 94272K, reserved 557056K
  class space    used 13075K, committed 13504K, reserved 425984K
}
Event: 135.860 GC heap after
{Heap after GC invocations=42 (full 0):
 garbage-first heap   total 253952K, used 121443K [0x0000000080000000, 0x0000000100000000)
  region size 1024K, 14 young (14336K), 14 survivors (14336K)
 Metaspace       used 93330K, committed 94272K, reserved 557056K
  class space    used 13075K, committed 13504K, reserved 425984K
}
Event: 142.523 GC heap before
{Heap before GC invocations=42 (full 0):
 garbage-first heap   total 253952K, used 202339K [0x0000000080000000, 0x0000000100000000)
  region size 1024K, 90 young (92160K), 14 survivors (14336K)
 Metaspace       used 94773K, committed 95808K, reserved 557056K
  class space    used 13257K, committed 13760K, reserved 425984K
}
Event: 142.602 GC heap after
{Heap after GC invocations=43 (full 0):
 garbage-first heap   total 253952K, used 142712K [0x0000000080000000, 0x0000000100000000)
  region size 1024K, 12 young (12288K), 12 survivors (12288K)
 Metaspace       used 94773K, committed 95808K, reserved 557056K
  class space    used 13257K, committed 13760K, reserved 425984K
}
Event: 146.903 GC heap before
{Heap before GC invocations=43 (full 0):
 garbage-first heap   total 253952K, used 200056K [0x0000000080000000, 0x0000000100000000)
  region size 1024K, 67 young (68608K), 12 survivors (12288K)
 Metaspace       used 96983K, committed 97984K, reserved 557056K
  class space    used 13489K, committed 13952K, reserved 425984K
}
Event: 146.965 GC heap after
{Heap after GC invocations=44 (full 0):
 garbage-first heap   total 253952K, used 155648K [0x0000000080000000, 0x0000000100000000)
  region size 1024K, 9 young (9216K), 9 survivors (9216K)
 Metaspace       used 96983K, committed 97984K, reserved 557056K
  class space    used 13489K, committed 13952K, reserved 425984K
}
Event: 150.805 GC heap before
{Heap before GC invocations=44 (full 0):
 garbage-first heap   total 253952K, used 201728K [0x0000000080000000, 0x0000000100000000)
  region size 1024K, 54 young (55296K), 9 survivors (9216K)
 Metaspace       used 100642K, committed 101760K, reserved 557056K
  class space    used 14039K, committed 14592K, reserved 425984K
}
Event: 150.849 GC heap after
{Heap after GC invocations=45 (full 0):
 garbage-first heap   total 253952K, used 159006K [0x0000000080000000, 0x0000000100000000)
  region size 1024K, 3 young (3072K), 3 survivors (3072K)
 Metaspace       used 100642K, committed 101760K, reserved 557056K
  class space    used 14039K, committed 14592K, reserved 425984K
}
Event: 156.767 GC heap before
{Heap before GC invocations=45 (full 0):
 garbage-first heap   total 253952K, used 206110K [0x0000000080000000, 0x0000000100000000)
  region size 1024K, 49 young (50176K), 3 survivors (3072K)
 Metaspace       used 102520K, committed 103680K, reserved 557056K
  class space    used 14284K, committed 14848K, reserved 425984K
}
Event: 156.825 GC heap after
{Heap after GC invocations=46 (full 0):
 garbage-first heap   total 253952K, used 164734K [0x0000000080000000, 0x0000000100000000)
  region size 1024K, 7 young (7168K), 7 survivors (7168K)
 Metaspace       used 102520K, committed 103680K, reserved 557056K
  class space    used 14284K, committed 14848K, reserved 425984K
}
Event: 160.072 GC heap before
{Heap before GC invocations=46 (full 0):
 garbage-first heap   total 253952K, used 208766K [0x0000000080000000, 0x0000000100000000)
  region size 1024K, 50 young (51200K), 7 survivors (7168K)
 Metaspace       used 103201K, committed 104384K, reserved 557056K
  class space    used 14349K, committed 14912K, reserved 425984K
}
Event: 160.111 GC heap after
{Heap after GC invocations=47 (full 0):
 garbage-first heap   total 253952K, used 169889K [0x0000000080000000, 0x0000000100000000)
  region size 1024K, 5 young (5120K), 5 survivors (5120K)
 Metaspace       used 103201K, committed 104384K, reserved 557056K
  class space    used 14349K, committed 14912K, reserved 425984K
}
Event: 161.713 GC heap before
{Heap before GC invocations=47 (full 0):
 garbage-first heap   total 253952K, used 210849K [0x0000000080000000, 0x0000000100000000)
  region size 1024K, 45 young (46080K), 5 survivors (5120K)
 Metaspace       used 103586K, committed 104768K, reserved 557056K
  class space    used 14388K, committed 14976K, reserved 425984K
}
Event: 161.748 GC heap after
{Heap after GC invocations=48 (full 0):
 garbage-first heap   total 253952K, used 174446K [0x0000000080000000, 0x0000000100000000)
  region size 1024K, 5 young (5120K), 5 survivors (5120K)
 Metaspace       used 103586K, committed 104768K, reserved 557056K
  class space    used 14388K, committed 14976K, reserved 425984K
}
Event: 163.383 GC heap before
{Heap before GC invocations=48 (full 0):
 garbage-first heap   total 253952K, used 211310K [0x0000000080000000, 0x0000000100000000)
  region size 1024K, 42 young (43008K), 5 survivors (5120K)
 Metaspace       used 104381K, committed 105600K, reserved 557056K
  class space    used 14512K, committed 15104K, reserved 425984K
}
Event: 163.415 GC heap after
{Heap after GC invocations=49 (full 0):
 garbage-first heap   total 253952K, used 178300K [0x0000000080000000, 0x0000000100000000)
  region size 1024K, 4 young (4096K), 4 survivors (4096K)
 Metaspace       used 104381K, committed 105600K, reserved 557056K
  class space    used 14512K, committed 15104K, reserved 425984K
}
Event: 165.201 GC heap before
{Heap before GC invocations=49 (full 0):
 garbage-first heap   total 253952K, used 214140K [0x0000000080000000, 0x0000000100000000)
  region size 1024K, 39 young (39936K), 4 survivors (4096K)
 Metaspace       used 104662K, committed 105856K, reserved 557056K
  class space    used 14524K, committed 15104K, reserved 425984K
}
Event: 165.221 GC heap after
{Heap after GC invocations=50 (full 0):
 garbage-first heap   total 253952K, used 179949K [0x0000000080000000, 0x0000000100000000)
  region size 1024K, 2 young (2048K), 2 survivors (2048K)
 Metaspace       used 104662K, committed 105856K, reserved 557056K
  class space    used 14524K, committed 15104K, reserved 425984K
}
Event: 167.074 GC heap before
{Heap before GC invocations=50 (full 0):
 garbage-first heap   total 253952K, used 214765K [0x0000000080000000, 0x0000000100000000)
  region size 1024K, 37 young (37888K), 2 survivors (2048K)
 Metaspace       used 104934K, committed 106112K, reserved 557056K
  class space    used 14572K, committed 15168K, reserved 425984K
}
Event: 167.094 GC heap after
{Heap after GC invocations=51 (full 0):
 garbage-first heap   total 253952K, used 184199K [0x0000000080000000, 0x0000000100000000)
  region size 1024K, 5 young (5120K), 5 survivors (5120K)
 Metaspace       used 104934K, committed 106112K, reserved 557056K
  class space    used 14572K, committed 15168K, reserved 425984K
}

